Started by upstream project "PIPELINE-FULL-CD" build number 15
originally caused by:
 Started by user devops unir
Obtained pipelines/PIPELINE-FULL-STAGING/Jenkinsfile from git https://github.com/ReBedc/todo-list-aws.git
[Pipeline] Start of Pipeline
[Pipeline] node
Running on Jenkins in /var/lib/jenkins/workspace/PIPELINE-FULL-STAGING
[Pipeline] {
[Pipeline] stage
[Pipeline] { (Declarative: Checkout SCM)
[Pipeline] checkout
Selected Git installation does not exist. Using Default
The recommended git tool is: NONE
using credential baeb99c5-5bbc-42b8-85bc-d479af131ab7
Cloning the remote Git repository
Cloning repository https://github.com/ReBedc/todo-list-aws.git
 > git init /var/lib/jenkins/workspace/PIPELINE-FULL-STAGING # timeout=10
Fetching upstream changes from https://github.com/ReBedc/todo-list-aws.git
 > git --version # timeout=10
 > git --version # 'git version 2.17.1'
using GIT_ASKPASS to set credentials
 > git fetch --tags --progress -- https://github.com/ReBedc/todo-list-aws.git +refs/heads/*:refs/remotes/origin/* # timeout=10
 > git config remote.origin.url https://github.com/ReBedc/todo-list-aws.git # timeout=10
 > git config --add remote.origin.fetch +refs/heads/*:refs/remotes/origin/* # timeout=10
Avoid second fetch
 > git rev-parse refs/remotes/origin/develop^{commit} # timeout=10
Checking out Revision c0baf141902bc9eb407dc8c18b618226f82cafed (refs/remotes/origin/develop)
 > git config core.sparsecheckout # timeout=10
 > git checkout -f c0baf141902bc9eb407dc8c18b618226f82cafed # timeout=10
Commit message: "Merge pull request #7 from ReBedc/feature/translate"
 > git rev-list --no-walk c0baf141902bc9eb407dc8c18b618226f82cafed # timeout=10
[Pipeline] }
[Pipeline] // stage
[Pipeline] withEnv
[Pipeline] {
[Pipeline] stage
[Pipeline] { (SetUp)
[Pipeline] echo
Setup Virtualenv for testing
[Pipeline] sh
+ bash pipelines/PIPELINE-FULL-STAGING/setup.sh
+ python3.7 -m venv todo-list-aws
+ source todo-list-aws/bin/activate
++ deactivate nondestructive
++ '[' -n '' ']'
++ '[' -n '' ']'
++ '[' -n /bin/bash -o -n '' ']'
++ hash -r
++ '[' -n '' ']'
++ unset VIRTUAL_ENV
++ '[' '!' nondestructive = nondestructive ']'
++ VIRTUAL_ENV=/var/lib/jenkins/workspace/PIPELINE-FULL-STAGING/todo-list-aws
++ export VIRTUAL_ENV
++ _OLD_VIRTUAL_PATH=/usr/local/sbin:/usr/local/bin:/usr/sbin:/usr/bin:/sbin:/bin:/snap/bin
++ PATH=/var/lib/jenkins/workspace/PIPELINE-FULL-STAGING/todo-list-aws/bin:/usr/local/sbin:/usr/local/bin:/usr/sbin:/usr/bin:/sbin:/bin:/snap/bin
++ export PATH
++ '[' -n '' ']'
++ '[' -z '' ']'
++ _OLD_VIRTUAL_PS1=
++ '[' 'x(todo-list-aws) ' '!=' x ']'
++ PS1='(todo-list-aws) '
++ export PS1
++ '[' -n /bin/bash -o -n '' ']'
++ hash -r
+ python -m pip install --upgrade pip
Collecting pip
  Using cached https://files.pythonhosted.org/packages/9b/e6/aa8149e048eda381f2a433599be9b1f5e5e3a189636cd6cf9614aa2ff5be/pip-22.1.1-py3-none-any.whl
Installing collected packages: pip
  Found existing installation: pip 9.0.1
    Uninstalling pip-9.0.1:
      Successfully uninstalled pip-9.0.1
Successfully installed pip-22.1.1
+ python -m pip install radon
Collecting radon
  Using cached radon-5.1.0-py2.py3-none-any.whl (52 kB)
Collecting future
  Using cached future-0.18.2.tar.gz (829 kB)
  Preparing metadata (setup.py): started
  Preparing metadata (setup.py): finished with status 'done'
Collecting mando<0.7,>=0.6
  Using cached mando-0.6.4-py2.py3-none-any.whl (29 kB)
Collecting colorama>=0.4.1
  Using cached colorama-0.4.4-py2.py3-none-any.whl (16 kB)
Collecting six
  Using cached six-1.16.0-py2.py3-none-any.whl (11 kB)
Using legacy 'setup.py install' for future, since package 'wheel' is not installed.
Installing collected packages: six, future, colorama, mando, radon
  Running setup.py install for future: started
  Running setup.py install for future: finished with status 'done'
Successfully installed colorama-0.4.4 future-0.18.2 mando-0.6.4 radon-5.1.0 six-1.16.0
+ python -m pip install flake8
Collecting flake8
  Using cached flake8-4.0.1-py2.py3-none-any.whl (64 kB)
Collecting importlib-metadata<4.3
  Using cached importlib_metadata-4.2.0-py3-none-any.whl (16 kB)
Collecting pycodestyle<2.9.0,>=2.8.0
  Using cached pycodestyle-2.8.0-py2.py3-none-any.whl (42 kB)
Collecting pyflakes<2.5.0,>=2.4.0
  Using cached pyflakes-2.4.0-py2.py3-none-any.whl (69 kB)
Collecting mccabe<0.7.0,>=0.6.0
  Using cached mccabe-0.6.1-py2.py3-none-any.whl (8.6 kB)
Collecting zipp>=0.5
  Using cached zipp-3.8.0-py3-none-any.whl (5.4 kB)
Collecting typing-extensions>=3.6.4
  Using cached typing_extensions-4.2.0-py3-none-any.whl (24 kB)
Installing collected packages: mccabe, zipp, typing-extensions, pyflakes, pycodestyle, importlib-metadata, flake8
Successfully installed flake8-4.0.1 importlib-metadata-4.2.0 mccabe-0.6.1 pycodestyle-2.8.0 pyflakes-2.4.0 typing-extensions-4.2.0 zipp-3.8.0
+ python -m pip install flake8-polyfill
Collecting flake8-polyfill
  Using cached flake8_polyfill-1.0.2-py2.py3-none-any.whl (7.3 kB)
Requirement already satisfied: flake8 in ./todo-list-aws/lib/python3.7/site-packages (from flake8-polyfill) (4.0.1)
Requirement already satisfied: pycodestyle<2.9.0,>=2.8.0 in ./todo-list-aws/lib/python3.7/site-packages (from flake8->flake8-polyfill) (2.8.0)
Requirement already satisfied: pyflakes<2.5.0,>=2.4.0 in ./todo-list-aws/lib/python3.7/site-packages (from flake8->flake8-polyfill) (2.4.0)
Requirement already satisfied: mccabe<0.7.0,>=0.6.0 in ./todo-list-aws/lib/python3.7/site-packages (from flake8->flake8-polyfill) (0.6.1)
Requirement already satisfied: importlib-metadata<4.3 in ./todo-list-aws/lib/python3.7/site-packages (from flake8->flake8-polyfill) (4.2.0)
Requirement already satisfied: typing-extensions>=3.6.4 in ./todo-list-aws/lib/python3.7/site-packages (from importlib-metadata<4.3->flake8->flake8-polyfill) (4.2.0)
Requirement already satisfied: zipp>=0.5 in ./todo-list-aws/lib/python3.7/site-packages (from importlib-metadata<4.3->flake8->flake8-polyfill) (3.8.0)
Installing collected packages: flake8-polyfill
Successfully installed flake8-polyfill-1.0.2
+ python -m pip install bandit
Collecting bandit
  Using cached bandit-1.7.4-py3-none-any.whl (118 kB)
Collecting stevedore>=1.20.0
  Using cached stevedore-3.5.0-py3-none-any.whl (49 kB)
Collecting PyYAML>=5.3.1
  Using cached PyYAML-6.0-cp37-cp37m-manylinux_2_5_x86_64.manylinux1_x86_64.manylinux_2_12_x86_64.manylinux2010_x86_64.whl (596 kB)
Collecting GitPython>=1.0.1
  Using cached GitPython-3.1.27-py3-none-any.whl (181 kB)
Requirement already satisfied: typing-extensions>=3.7.4.3 in ./todo-list-aws/lib/python3.7/site-packages (from GitPython>=1.0.1->bandit) (4.2.0)
Collecting gitdb<5,>=4.0.1
  Using cached gitdb-4.0.9-py3-none-any.whl (63 kB)
Requirement already satisfied: importlib-metadata>=1.7.0 in ./todo-list-aws/lib/python3.7/site-packages (from stevedore>=1.20.0->bandit) (4.2.0)
Collecting pbr!=2.1.0,>=2.0.0
  Using cached pbr-5.9.0-py2.py3-none-any.whl (112 kB)
Collecting smmap<6,>=3.0.1
  Using cached smmap-5.0.0-py3-none-any.whl (24 kB)
Requirement already satisfied: zipp>=0.5 in ./todo-list-aws/lib/python3.7/site-packages (from importlib-metadata>=1.7.0->stevedore>=1.20.0->bandit) (3.8.0)
Installing collected packages: smmap, PyYAML, pbr, stevedore, gitdb, GitPython, bandit
Successfully installed GitPython-3.1.27 PyYAML-6.0 bandit-1.7.4 gitdb-4.0.9 pbr-5.9.0 smmap-5.0.0 stevedore-3.5.0
+ python -m pip install pytest
Collecting pytest
  Using cached pytest-7.1.2-py3-none-any.whl (297 kB)
Requirement already satisfied: importlib-metadata>=0.12 in ./todo-list-aws/lib/python3.7/site-packages (from pytest) (4.2.0)
Collecting attrs>=19.2.0
  Using cached attrs-21.4.0-py2.py3-none-any.whl (60 kB)
Collecting iniconfig
  Using cached iniconfig-1.1.1-py2.py3-none-any.whl (5.0 kB)
Collecting packaging
  Using cached packaging-21.3-py3-none-any.whl (40 kB)
Collecting py>=1.8.2
  Using cached py-1.11.0-py2.py3-none-any.whl (98 kB)
Collecting pluggy<2.0,>=0.12
  Using cached pluggy-1.0.0-py2.py3-none-any.whl (13 kB)
Collecting tomli>=1.0.0
  Using cached tomli-2.0.1-py3-none-any.whl (12 kB)
Requirement already satisfied: zipp>=0.5 in ./todo-list-aws/lib/python3.7/site-packages (from importlib-metadata>=0.12->pytest) (3.8.0)
Requirement already satisfied: typing-extensions>=3.6.4 in ./todo-list-aws/lib/python3.7/site-packages (from importlib-metadata>=0.12->pytest) (4.2.0)
Collecting pyparsing!=3.0.5,>=2.0.2
  Using cached pyparsing-3.0.9-py3-none-any.whl (98 kB)
Installing collected packages: iniconfig, tomli, pyparsing, py, attrs, pluggy, packaging, pytest
Successfully installed attrs-21.4.0 iniconfig-1.1.1 packaging-21.3 pluggy-1.0.0 py-1.11.0 pyparsing-3.0.9 pytest-7.1.2 tomli-2.0.1
+ python -m pip install boto3
Collecting boto3
  Using cached boto3-1.23.5-py3-none-any.whl (132 kB)
Collecting s3transfer<0.6.0,>=0.5.0
  Using cached s3transfer-0.5.2-py3-none-any.whl (79 kB)
Collecting jmespath<2.0.0,>=0.7.1
  Using cached jmespath-1.0.0-py3-none-any.whl (23 kB)
Collecting botocore<1.27.0,>=1.26.5
  Using cached botocore-1.26.5-py3-none-any.whl (8.8 MB)
Collecting python-dateutil<3.0.0,>=2.1
  Using cached python_dateutil-2.8.2-py2.py3-none-any.whl (247 kB)
Collecting urllib3<1.27,>=1.25.4
  Using cached urllib3-1.26.9-py2.py3-none-any.whl (138 kB)
Requirement already satisfied: six>=1.5 in ./todo-list-aws/lib/python3.7/site-packages (from python-dateutil<3.0.0,>=2.1->botocore<1.27.0,>=1.26.5->boto3) (1.16.0)
Installing collected packages: urllib3, python-dateutil, jmespath, botocore, s3transfer, boto3
Successfully installed boto3-1.23.5 botocore-1.26.5 jmespath-1.0.0 python-dateutil-2.8.2 s3transfer-0.5.2 urllib3-1.26.9
+ python -m pip install moto
Collecting moto
  Using cached moto-3.1.10-py3-none-any.whl (1.8 MB)
Requirement already satisfied: importlib-metadata in ./todo-list-aws/lib/python3.7/site-packages (from moto) (4.2.0)
Requirement already satisfied: botocore>=1.12.201 in ./todo-list-aws/lib/python3.7/site-packages (from moto) (1.26.5)
Requirement already satisfied: boto3>=1.9.201 in ./todo-list-aws/lib/python3.7/site-packages (from moto) (1.23.5)
Requirement already satisfied: python-dateutil<3.0.0,>=2.1 in ./todo-list-aws/lib/python3.7/site-packages (from moto) (2.8.2)
Collecting responses>=0.9.0
  Using cached responses-0.20.0-py3-none-any.whl (27 kB)
Collecting requests>=2.5
  Using cached requests-2.27.1-py2.py3-none-any.whl (63 kB)
Collecting xmltodict
  Using cached xmltodict-0.13.0-py2.py3-none-any.whl (10.0 kB)
Collecting cryptography>=3.3.1
  Using cached cryptography-37.0.2-cp36-abi3-manylinux_2_24_x86_64.whl (4.0 MB)
Collecting MarkupSafe!=2.0.0a1
  Using cached MarkupSafe-2.1.1-cp37-cp37m-manylinux_2_17_x86_64.manylinux2014_x86_64.whl (25 kB)
Collecting pytz
  Using cached pytz-2022.1-py2.py3-none-any.whl (503 kB)
Collecting werkzeug
  Using cached Werkzeug-2.1.2-py3-none-any.whl (224 kB)
Collecting Jinja2>=2.10.1
  Using cached Jinja2-3.1.2-py3-none-any.whl (133 kB)
Requirement already satisfied: s3transfer<0.6.0,>=0.5.0 in ./todo-list-aws/lib/python3.7/site-packages (from boto3>=1.9.201->moto) (0.5.2)
Requirement already satisfied: jmespath<2.0.0,>=0.7.1 in ./todo-list-aws/lib/python3.7/site-packages (from boto3>=1.9.201->moto) (1.0.0)
Requirement already satisfied: urllib3<1.27,>=1.25.4 in ./todo-list-aws/lib/python3.7/site-packages (from botocore>=1.12.201->moto) (1.26.9)
Collecting cffi>=1.12
  Using cached cffi-1.15.0-cp37-cp37m-manylinux_2_12_x86_64.manylinux2010_x86_64.whl (427 kB)
Requirement already satisfied: six>=1.5 in ./todo-list-aws/lib/python3.7/site-packages (from python-dateutil<3.0.0,>=2.1->moto) (1.16.0)
Collecting charset-normalizer~=2.0.0
  Using cached charset_normalizer-2.0.12-py3-none-any.whl (39 kB)
Collecting certifi>=2017.4.17
  Using cached certifi-2022.5.18.1-py3-none-any.whl (155 kB)
Collecting idna<4,>=2.5
  Using cached idna-3.3-py3-none-any.whl (61 kB)
Requirement already satisfied: typing-extensions>=3.6.4 in ./todo-list-aws/lib/python3.7/site-packages (from importlib-metadata->moto) (4.2.0)
Requirement already satisfied: zipp>=0.5 in ./todo-list-aws/lib/python3.7/site-packages (from importlib-metadata->moto) (3.8.0)
Collecting pycparser
  Using cached pycparser-2.21-py2.py3-none-any.whl (118 kB)
Installing collected packages: pytz, xmltodict, werkzeug, pycparser, MarkupSafe, idna, charset-normalizer, certifi, requests, Jinja2, cffi, responses, cryptography, moto
Successfully installed Jinja2-3.1.2 MarkupSafe-2.1.1 certifi-2022.5.18.1 cffi-1.15.0 charset-normalizer-2.0.12 cryptography-37.0.2 idna-3.3 moto-3.1.10 pycparser-2.21 pytz-2022.1 requests-2.27.1 responses-0.20.0 werkzeug-2.1.2 xmltodict-0.13.0
+ python -m pip install mock==4.0.2
Collecting mock==4.0.2
  Using cached mock-4.0.2-py3-none-any.whl (28 kB)
Installing collected packages: mock
Successfully installed mock-4.0.2
+ python -m pip install coverage==4.5.4
Collecting coverage==4.5.4
  Using cached coverage-4.5.4-cp37-cp37m-manylinux1_x86_64.whl (205 kB)
Installing collected packages: coverage
Successfully installed coverage-4.5.4
+ pwd
/var/lib/jenkins/workspace/PIPELINE-FULL-STAGING
[Pipeline] }
[Pipeline] // stage
[Pipeline] stage
[Pipeline] { (Test)
[Pipeline] echo
Static program analysis:
[Pipeline] sh
+ bash pipelines/PIPELINE-FULL-STAGING/static_test.sh
++ wc -l
++ radon cc src -nc
+ RAD_ERRORS=0
+ [[ 0 -ne 0 ]]
++ radon mi src -nc
++ wc -l
+ RAD_ERRORS=0
+ [[ 0 -ne 0 ]]
+ flake8 src/__init__.py src/create.py src/decimalencoder.py src/delete.py src/get.py src/list.py src/todoList.py src/translate.py src/update.py
+ [[ 0 -ne 0 ]]
+ bandit src/__init__.py src/create.py src/decimalencoder.py src/delete.py src/get.py src/list.py src/todoList.py src/translate.py src/update.py
[main]	INFO	profile include tests: None
[main]	INFO	profile exclude tests: None
[main]	INFO	cli include tests: None
[main]	INFO	cli exclude tests: None
[main]	INFO	running on Python 3.7.5
Run started:2022-05-23 18:18:08.617317

Test results:
	No issues identified.

Code scanned:
	Total lines of code: 252
	Total lines skipped (#nosec): 0
	Total potential issues skipped due to specifically being disabled (e.g., #nosec BXXX): 0

Run metrics:
	Total issues (by severity):
		Undefined: 0
		Low: 0
		Medium: 0
		High: 0
	Total issues (by confidence):
		Undefined: 0
		Low: 0
		Medium: 0
		High: 0
Files skipped (0):
+ [[ 0 -ne 0 ]]
[Pipeline] echo
Unit testing:
[Pipeline] sh
+ bash pipelines/PIPELINE-FULL-STAGING/unit_test.sh
++ pwd
+ export PYTHONPATH=:/var/lib/jenkins/workspace/PIPELINE-FULL-STAGING
+ PYTHONPATH=:/var/lib/jenkins/workspace/PIPELINE-FULL-STAGING
+ echo 'PYTHONPATH: :/var/lib/jenkins/workspace/PIPELINE-FULL-STAGING'
PYTHONPATH: :/var/lib/jenkins/workspace/PIPELINE-FULL-STAGING
+ export DYNAMODB_TABLE=todoUnitTestsTable
+ DYNAMODB_TABLE=todoUnitTestsTable
+ python test/unit/TestToDo.py
/var/lib/jenkins/workspace/PIPELINE-FULL-STAGING/todo-list-aws/lib/python3.7/site-packages/moto/__init__.py:27: UserWarning: Module mock_dynamodb2 has been deprecated, and will be removed in a later release. Please use mock_dynamodb instead. See https://github.com/spulec/moto/issues/4526 for more information.
  f"Module {used} has been deprecated, and will be removed in a later release. Please use {recommended} instead. "
/var/lib/jenkins/workspace/PIPELINE-FULL-STAGING/todo-list-aws/lib/python3.7/site-packages/moto/__init__.py:27: UserWarning: Module mock_dynamodb2 has been deprecated, and will be removed in a later release. Please use mock_dynamodb instead. See https://github.com/spulec/moto/issues/4526 for more information.
  f"Module {used} has been deprecated, and will be removed in a later release. Please use {recommended} instead. "
.........E......
======================================================================
ERROR: test_translate_todo (__main__.TestDatabaseFunctions)
----------------------------------------------------------------------
Traceback (most recent call last):
  File "/var/lib/jenkins/workspace/PIPELINE-FULL-STAGING/todo-list-aws/lib/python3.7/site-packages/moto/core/models.py", line 122, in wrapper
    result = func(*args, **kwargs)
  File "/usr/lib/python3.7/unittest/mock.py", line 1255, in patched
    return func(*args, **keywargs)
  File "test/unit/TestToDo.py", line 250, in test_translate_todo
    translatedItem = translate_item(idItem, 'en', self.dynamodb)
  File "/var/lib/jenkins/workspace/PIPELINE-FULL-STAGING/src/todoList.py", line 161, in translate_item
    item['Item']['text'] = translatedText['TranslatedText']
TypeError: string indices must be integers

----------------------------------------------------------------------
Ran 16 tests in 1.474s

FAILED (errors=1)
---------------------
Start: setUp
Creating Table with name:todoUnitTestsTable
End: setUp
---------------------
Start: test_comprehend
End: test_comprehend
---------------------
Start: tearDown
Table deleted succesfully
End: tearDown
---------------------
Start: setUp
Creating Table with name:todoUnitTestsTable
End: setUp
---------------------
Start: test_delete_todo
Table name:todoUnitTestsTable
Response PutItem{'statusCode': 200, 'body': '{"id": "b2f0e75a-dac4-11ec-a1f0-124810d8e1d7", "text": "Aprender DevOps y Cloud en la UNIR", "checked": false, "createdAt": "1653329889.2027028", "updatedAt": "1653329889.2027028"}'}
Id item:b2f0e75a-dac4-11ec-a1f0-124810d8e1d7
Item deleted succesfully
End: test_delete_todo
---------------------
Start: tearDown
Table deleted succesfully
End: tearDown
---------------------
Start: setUp
Creating Table with name:todoUnitTestsTable
End: setUp
---------------------
Start: test_delete_todo_error
End: test_delete_todo_error
---------------------
Start: tearDown
Table deleted succesfully
End: tearDown
---------------------
Start: setUp
Creating Table with name:todoUnitTestsTable
End: setUp
---------------------
Start: test_get_todo
Table name:todoUnitTestsTable
Response put_item:{'statusCode': 200, 'body': '{"id": "b2f0e75b-dac4-11ec-a1f0-124810d8e1d7", "text": "Aprender DevOps y Cloud en la UNIR", "checked": false, "createdAt": "1653329889.3858528", "updatedAt": "1653329889.3858528"}'}
Id item:b2f0e75b-dac4-11ec-a1f0-124810d8e1d7
Result getItem:{'Item': {'id': 'b2f0e75b-dac4-11ec-a1f0-124810d8e1d7', 'text': 'Aprender DevOps y Cloud en la UNIR', 'checked': False, 'createdAt': '1653329889.3858528', 'updatedAt': '1653329889.3858528'}, 'ResponseMetadata': {'RequestId': 'WMGJ9DAJ8GH65DHUI5C1VXQL7QUH21KML0UKG01NLZC5CNQNXNZA', 'HTTPStatusCode': 200, 'HTTPHeaders': {'server': 'amazon.com', 'x-amzn-requestid': 'WMGJ9DAJ8GH65DHUI5C1VXQL7QUH21KML0UKG01NLZC5CNQNXNZA', 'x-amz-crc32': '3142781133'}, 'RetryAttempts': 0}}
Response Get:{'id': 'b2f0e75b-dac4-11ec-a1f0-124810d8e1d7', 'text': 'Aprender DevOps y Cloud en la UNIR', 'checked': False, 'createdAt': '1653329889.3858528', 'updatedAt': '1653329889.3858528'}
End: test_get_todo
---------------------
Start: tearDown
Table deleted succesfully
End: tearDown
---------------------
Start: setUp
Creating Table with name:todoUnitTestsTable
End: setUp
---------------------
Start: test_list_todo
Table name:todoUnitTestsTable
Response GetItems[{'id': 'b2f0e75c-dac4-11ec-a1f0-124810d8e1d7', 'text': 'Aprender DevOps y Cloud en la UNIR', 'checked': False, 'createdAt': '1653329889.5341127', 'updatedAt': '1653329889.5341127'}]
End: test_list_todo
---------------------
Start: tearDown
Table deleted succesfully
End: tearDown
---------------------
Start: setUp
Creating Table with name:todoUnitTestsTable
End: setUp
---------------------
Start: test_put_todo
Table name:todoUnitTestsTable
Response put_item:{'statusCode': 200, 'body': '{"id": "b2f0e75d-dac4-11ec-a1f0-124810d8e1d7", "text": "Aprender DevOps y Cloud en la UNIR", "checked": false, "createdAt": "1653329889.6080933", "updatedAt": "1653329889.6080933"}'}
End: test_put_todo
---------------------
Start: tearDown
Table deleted succesfully
End: tearDown
---------------------
Start: setUp
Creating Table with name:todoUnitTestsTable
End: setUp
---------------------
Start: test_put_todo_error
Table name:todoUnitTestsTable
Table name:todoUnitTestsTable
End: test_put_todo_error
---------------------
Start: tearDown
Table deleted succesfully
End: tearDown
---------------------
Start: setUp
Creating Table with name:todoUnitTestsTable
End: setUp
---------------------
Start: test_table_exists
Table name:todoUnitTestsTable
End: test_table_exists
---------------------
Start: tearDown
Table deleted succesfully
End: tearDown
---------------------
Start: setUp
Creating Table with name:todoUnitTestsTable
End: setUp
---------------------
Start: test_translate_todo
End: test_translate_todo
---------------------
Start: tearDown
Table deleted succesfully
End: tearDown
---------------------
Start: setUp
Creating Table with name:todoUnitTestsTable
End: setUp
---------------------
Start: test_translate_todo
Table name:todoUnitTestsTable
Response put_item:{'statusCode': 200, 'body': '{"id": "b2f0e760-dac4-11ec-a1f0-124810d8e1d7", "text": "Aprender DevOps y Cloud en la UNIR", "checked": false, "createdAt": "1653329889.9627833", "updatedAt": "1653329889.9627833"}'}
Id item:b2f0e760-dac4-11ec-a1f0-124810d8e1d7
Result getItem:{'Item': {'id': 'b2f0e760-dac4-11ec-a1f0-124810d8e1d7', 'text': 'Aprender DevOps y Cloud en la UNIR', 'checked': False, 'createdAt': '1653329889.9627833', 'updatedAt': '1653329889.9627833'}, 'ResponseMetadata': {'RequestId': 'FX0MCHVHQT9KXTJWXM3MAWLDHQSNALN00ZTIKH70S2GU4AJEFVG8', 'HTTPStatusCode': 200, 'HTTPHeaders': {'server': 'amazon.com', 'x-amzn-requestid': 'FX0MCHVHQT9KXTJWXM3MAWLDHQSNALN00ZTIKH70S2GU4AJEFVG8', 'x-amz-crc32': '3128090463'}, 'RetryAttempts': 0}}
Response Get:{'id': 'b2f0e760-dac4-11ec-a1f0-124810d8e1d7', 'text': 'Aprender DevOps y Cloud en la UNIR', 'checked': False, 'createdAt': '1653329889.9627833', 'updatedAt': '1653329889.9627833'}
Texto a detectar lenguaje: Aprender DevOps y Cloud en la UNIR
Couldn't detect languages.
---------------------
Start: tearDown
Table deleted succesfully
End: tearDown
---------------------
Start: setUp
Creating Table with name:todoUnitTestsTable
End: setUp
---------------------
Start: test_update_todo
Table name:todoUnitTestsTable
Response PutItem{'statusCode': 200, 'body': '{"id": "b2f0e761-dac4-11ec-a1f0-124810d8e1d7", "text": "Aprender DevOps y Cloud en la UNIR", "checked": false, "createdAt": "1653329890.1082094", "updatedAt": "1653329890.1082094"}'}
Id item:b2f0e761-dac4-11ec-a1f0-124810d8e1d7
Result Update Item:{'id': 'b2f0e761-dac4-11ec-a1f0-124810d8e1d7', 'text': 'Aprender más cosas que DevOps y Cloud en la UNIR', 'checked': 'false', 'createdAt': '1653329890.1082094', 'updatedAt': Decimal('1653329890111')}
End: test_update_todo
---------------------
Start: tearDown
Table deleted succesfully
End: tearDown
---------------------
Start: setUp
Creating Table with name:todoUnitTestsTable
End: setUp
---------------------
Start: atest_update_todo_error
Table name:todoUnitTestsTable
Response PutItem{'statusCode': 200, 'body': '{"id": "b2f0e762-dac4-11ec-a1f0-124810d8e1d7", "text": "Aprender DevOps y Cloud en la UNIR", "checked": false, "createdAt": "1653329890.187896", "updatedAt": "1653329890.187896"}'}
End: atest_update_todo_error
---------------------
Start: tearDown
Table deleted succesfully
End: tearDown
---------------------
Start: setUpError
End: setUpError
---------------------
Start: test_delete_todo_error
A condition specified in the operation could not be evaluated.
End: test_delete_todo_error
---------------------
Start: tearDownError
Table deleted succesfully
End: tearDownError
---------------------
Start: setUpError
End: setUpError
---------------------
Start: test_get_todo_error
Requested resource not found
End: test_get_todo_error
---------------------
Start: tearDownError
Table deleted succesfully
End: tearDownError
---------------------
Start: setUpError
End: setUpError
---------------------
Start: test_put_todo_error
Table name:todoUnitTestsTable
Requested resource not found
End: test_put_todo_error
---------------------
Start: tearDownError
Table deleted succesfully
End: tearDownError
---------------------
Start: setUpError
End: setUpError
---------------------
Start: test_update_todo_error
Requested resource not found
End: test_update_todo_error
---------------------
Start: tearDownError
Table deleted succesfully
End: tearDownError
+ pip show coverage
Name: coverage
Version: 4.5.4
Summary: Code coverage measurement for Python
Home-page: https://github.com/nedbat/coveragepy
Author: Ned Batchelder and 100 others
Author-email: ned@nedbatchelder.com
License: Apache 2.0
Location: /var/lib/jenkins/workspace/PIPELINE-FULL-STAGING/todo-list-aws/lib/python3.7/site-packages
Requires:
Required-by:
+ coverage run --include=src/todoList.py test/unit/TestToDo.py
/var/lib/jenkins/workspace/PIPELINE-FULL-STAGING/todo-list-aws/lib/python3.7/site-packages/moto/__init__.py:27: UserWarning: Module mock_dynamodb2 has been deprecated, and will be removed in a later release. Please use mock_dynamodb instead. See https://github.com/spulec/moto/issues/4526 for more information.
  f"Module {used} has been deprecated, and will be removed in a later release. Please use {recommended} instead. "
/var/lib/jenkins/workspace/PIPELINE-FULL-STAGING/todo-list-aws/lib/python3.7/site-packages/moto/__init__.py:27: UserWarning: Module mock_dynamodb2 has been deprecated, and will be removed in a later release. Please use mock_dynamodb instead. See https://github.com/spulec/moto/issues/4526 for more information.
  f"Module {used} has been deprecated, and will be removed in a later release. Please use {recommended} instead. "
.........E......
======================================================================
ERROR: test_translate_todo (__main__.TestDatabaseFunctions)
----------------------------------------------------------------------
Traceback (most recent call last):
  File "/var/lib/jenkins/workspace/PIPELINE-FULL-STAGING/todo-list-aws/lib/python3.7/site-packages/moto/core/models.py", line 122, in wrapper
    result = func(*args, **kwargs)
  File "/usr/lib/python3.7/unittest/mock.py", line 1255, in patched
    return func(*args, **keywargs)
  File "test/unit/TestToDo.py", line 250, in test_translate_todo
    translatedItem = translate_item(idItem, 'en', self.dynamodb)
  File "/var/lib/jenkins/workspace/PIPELINE-FULL-STAGING/src/todoList.py", line 161, in translate_item
    item['Item']['text'] = translatedText['TranslatedText']
TypeError: string indices must be integers

----------------------------------------------------------------------
Ran 16 tests in 1.871s

FAILED (errors=1)
---------------------
Start: setUp
Creating Table with name:todoUnitTestsTable
End: setUp
---------------------
Start: test_comprehend
End: test_comprehend
---------------------
Start: tearDown
Table deleted succesfully
End: tearDown
---------------------
Start: setUp
Creating Table with name:todoUnitTestsTable
End: setUp
---------------------
Start: test_delete_todo
Table name:todoUnitTestsTable
Response PutItem{'statusCode': 200, 'body': '{"id": "b48417ae-dac4-11ec-a1f0-124810d8e1d7", "text": "Aprender DevOps y Cloud en la UNIR", "checked": false, "createdAt": "1653329891.8572094", "updatedAt": "1653329891.8572094"}'}
Id item:b48417ae-dac4-11ec-a1f0-124810d8e1d7
Item deleted succesfully
End: test_delete_todo
---------------------
Start: tearDown
Table deleted succesfully
End: tearDown
---------------------
Start: setUp
Creating Table with name:todoUnitTestsTable
End: setUp
---------------------
Start: test_delete_todo_error
End: test_delete_todo_error
---------------------
Start: tearDown
Table deleted succesfully
End: tearDown
---------------------
Start: setUp
Creating Table with name:todoUnitTestsTable
End: setUp
---------------------
Start: test_get_todo
Table name:todoUnitTestsTable
Response put_item:{'statusCode': 200, 'body': '{"id": "b48417af-dac4-11ec-a1f0-124810d8e1d7", "text": "Aprender DevOps y Cloud en la UNIR", "checked": false, "createdAt": "1653329892.1274617", "updatedAt": "1653329892.1274617"}'}
Id item:b48417af-dac4-11ec-a1f0-124810d8e1d7
Result getItem:{'Item': {'id': 'b48417af-dac4-11ec-a1f0-124810d8e1d7', 'text': 'Aprender DevOps y Cloud en la UNIR', 'checked': False, 'createdAt': '1653329892.1274617', 'updatedAt': '1653329892.1274617'}, 'ResponseMetadata': {'RequestId': 'VIJKKXU2S0ZYIE013BNMHMLIAA83DHK356UVG2KBX0FYMYJWCJ2M', 'HTTPStatusCode': 200, 'HTTPHeaders': {'server': 'amazon.com', 'x-amzn-requestid': 'VIJKKXU2S0ZYIE013BNMHMLIAA83DHK356UVG2KBX0FYMYJWCJ2M', 'x-amz-crc32': '2241256867'}, 'RetryAttempts': 0}}
Response Get:{'id': 'b48417af-dac4-11ec-a1f0-124810d8e1d7', 'text': 'Aprender DevOps y Cloud en la UNIR', 'checked': False, 'createdAt': '1653329892.1274617', 'updatedAt': '1653329892.1274617'}
End: test_get_todo
---------------------
Start: tearDown
Table deleted succesfully
End: tearDown
---------------------
Start: setUp
Creating Table with name:todoUnitTestsTable
End: setUp
---------------------
Start: test_list_todo
Table name:todoUnitTestsTable
Response GetItems[{'id': 'b48417b0-dac4-11ec-a1f0-124810d8e1d7', 'text': 'Aprender DevOps y Cloud en la UNIR', 'checked': False, 'createdAt': '1653329892.30511', 'updatedAt': '1653329892.30511'}]
End: test_list_todo
---------------------
Start: tearDown
Table deleted succesfully
End: tearDown
---------------------
Start: setUp
Creating Table with name:todoUnitTestsTable
End: setUp
---------------------
Start: test_put_todo
Table name:todoUnitTestsTable
Response put_item:{'statusCode': 200, 'body': '{"id": "b48417b1-dac4-11ec-a1f0-124810d8e1d7", "text": "Aprender DevOps y Cloud en la UNIR", "checked": false, "createdAt": "1653329892.4048507", "updatedAt": "1653329892.4048507"}'}
End: test_put_todo
---------------------
Start: tearDown
Table deleted succesfully
End: tearDown
---------------------
Start: setUp
Creating Table with name:todoUnitTestsTable
End: setUp
---------------------
Start: test_put_todo_error
Table name:todoUnitTestsTable
Table name:todoUnitTestsTable
End: test_put_todo_error
---------------------
Start: tearDown
Table deleted succesfully
End: tearDown
---------------------
Start: setUp
Creating Table with name:todoUnitTestsTable
End: setUp
---------------------
Start: test_table_exists
Table name:todoUnitTestsTable
End: test_table_exists
---------------------
Start: tearDown
Table deleted succesfully
End: tearDown
---------------------
Start: setUp
Creating Table with name:todoUnitTestsTable
End: setUp
---------------------
Start: test_translate_todo
End: test_translate_todo
---------------------
Start: tearDown
Table deleted succesfully
End: tearDown
---------------------
Start: setUp
Creating Table with name:todoUnitTestsTable
End: setUp
---------------------
Start: test_translate_todo
Table name:todoUnitTestsTable
Response put_item:{'statusCode': 200, 'body': '{"id": "b48417b4-dac4-11ec-a1f0-124810d8e1d7", "text": "Aprender DevOps y Cloud en la UNIR", "checked": false, "createdAt": "1653329892.8513296", "updatedAt": "1653329892.8513296"}'}
Id item:b48417b4-dac4-11ec-a1f0-124810d8e1d7
Result getItem:{'Item': {'id': 'b48417b4-dac4-11ec-a1f0-124810d8e1d7', 'text': 'Aprender DevOps y Cloud en la UNIR', 'checked': False, 'createdAt': '1653329892.8513296', 'updatedAt': '1653329892.8513296'}, 'ResponseMetadata': {'RequestId': 'SUYDR3JTEZ3PSVJCV5ZV38IGSMKS5NZ2Q0WFZTO0C337KYZAC317', 'HTTPStatusCode': 200, 'HTTPHeaders': {'server': 'amazon.com', 'x-amzn-requestid': 'SUYDR3JTEZ3PSVJCV5ZV38IGSMKS5NZ2Q0WFZTO0C337KYZAC317', 'x-amz-crc32': '4116783647'}, 'RetryAttempts': 0}}
Response Get:{'id': 'b48417b4-dac4-11ec-a1f0-124810d8e1d7', 'text': 'Aprender DevOps y Cloud en la UNIR', 'checked': False, 'createdAt': '1653329892.8513296', 'updatedAt': '1653329892.8513296'}
Texto a detectar lenguaje: Aprender DevOps y Cloud en la UNIR
Couldn't detect languages.
---------------------
Start: tearDown
Table deleted succesfully
End: tearDown
---------------------
Start: setUp
Creating Table with name:todoUnitTestsTable
End: setUp
---------------------
Start: test_update_todo
Table name:todoUnitTestsTable
Response PutItem{'statusCode': 200, 'body': '{"id": "b533cd16-dac4-11ec-a1f0-124810d8e1d7", "text": "Aprender DevOps y Cloud en la UNIR", "checked": false, "createdAt": "1653329893.015751", "updatedAt": "1653329893.015751"}'}
Id item:b533cd16-dac4-11ec-a1f0-124810d8e1d7
Result Update Item:{'id': 'b533cd16-dac4-11ec-a1f0-124810d8e1d7', 'text': 'Aprender más cosas que DevOps y Cloud en la UNIR', 'checked': 'false', 'createdAt': '1653329893.015751', 'updatedAt': Decimal('1653329893019')}
End: test_update_todo
---------------------
Start: tearDown
Table deleted succesfully
End: tearDown
---------------------
Start: setUp
Creating Table with name:todoUnitTestsTable
End: setUp
---------------------
Start: atest_update_todo_error
Table name:todoUnitTestsTable
Response PutItem{'statusCode': 200, 'body': '{"id": "b533cd17-dac4-11ec-a1f0-124810d8e1d7", "text": "Aprender DevOps y Cloud en la UNIR", "checked": false, "createdAt": "1653329893.123904", "updatedAt": "1653329893.123904"}'}
End: atest_update_todo_error
---------------------
Start: tearDown
Table deleted succesfully
End: tearDown
---------------------
Start: setUpError
End: setUpError
---------------------
Start: test_delete_todo_error
A condition specified in the operation could not be evaluated.
End: test_delete_todo_error
---------------------
Start: tearDownError
Table deleted succesfully
End: tearDownError
---------------------
Start: setUpError
End: setUpError
---------------------
Start: test_get_todo_error
Requested resource not found
End: test_get_todo_error
---------------------
Start: tearDownError
Table deleted succesfully
End: tearDownError
---------------------
Start: setUpError
End: setUpError
---------------------
Start: test_put_todo_error
Table name:todoUnitTestsTable
Requested resource not found
End: test_put_todo_error
---------------------
Start: tearDownError
Table deleted succesfully
End: tearDownError
---------------------
Start: setUpError
End: setUpError
---------------------
Start: test_update_todo_error
Requested resource not found
End: test_update_todo_error
---------------------
Start: tearDownError
Table deleted succesfully
End: tearDownError
+ coverage report
Name              Stmts   Miss  Cover
-------------------------------------
src/todoList.py      94     18    81%
+ coverage xml
Post stage
[Pipeline] script
[Pipeline] {
[Pipeline] publishCoverage
Publishing Coverage report....
A total of 1 reports were found
Report coverage diff: 0.0%. Add to CoverageResult.
Group coverage diff: 0.0%. Add to CoverageResult.
Package coverage diff: 0.0%. Add to CoverageResult.
File coverage diff: 0.0%. Add to CoverageResult.
Class coverage diff: 0.0%. Add to CoverageResult.
Line coverage diff: 0.0%. Add to CoverageResult.
[Coverage] Computing coverage delta report
[Coverage] Reference build recorder is not configured
[Coverage] -> No reference build defined, falling back to previous build
[Coverage] -> Found reference result 'io.jenkins.plugins.coverage.CoverageAction@37c4df27'
[Checks API] No suitable checks publisher found.
[Pipeline] }
[Pipeline] // script
[Pipeline] }
[Pipeline] // stage
[Pipeline] stage
[Pipeline] { (Build)
[Pipeline] echo
Package sam application:
[Pipeline] sh
+ bash pipelines/common-steps/build.sh
+ sam validate --region us-east-1
2022-05-23 18:18:15 Loading policies from IAM...
2022-05-23 18:18:15 Finished loading policies from IAM.
/var/lib/jenkins/workspace/PIPELINE-FULL-STAGING/template.yaml is a valid SAM Template
+ sam build
Building codeuri: /var/lib/jenkins/workspace/PIPELINE-FULL-STAGING/src runtime: python3.7 metadata: {} architecture: x86_64 functions: ['CreateTodoFunction', 'ListTodosFunction', 'GetTodoFunction', 'UpdateTodoFunction', 'DeleteTodoFunction', 'TranslateTodoFunction']
Running PythonPipBuilder:ResolveDependencies
Running PythonPipBuilder:CopySource

Build Succeeded

Built Artifacts  : .aws-sam/build
Built Template   : .aws-sam/build/template.yaml

Commands you can use next
=========================
[*] Invoke Function: sam local invoke
[*] Deploy: sam deploy --guided

[Pipeline] }
[Pipeline] // stage
[Pipeline] stage
[Pipeline] { (Deploy)
[Pipeline] echo
Initiating Deployment
[Pipeline] sh
+ bash pipelines/common-steps/deploy.sh
+ du -hs CHANGELOG.md README.md coverage.xml localEnvironment.json pipelines pytest.ini samconfig.toml src template.yaml test todo-list-aws
+ sort -h
4.0K	CHANGELOG.md
4.0K	localEnvironment.json
4.0K	pytest.ini
4.0K	samconfig.toml
8.0K	README.md
8.0K	coverage.xml
8.0K	template.yaml
36K	test
60K	pipelines
60K	src
160M	todo-list-aws
+ sam deploy template.yaml --config-env staging --no-confirm-changeset --force-upload --no-fail-on-empty-changeset --no-progressbar

	Deploying with following values
	===============================
	Stack name                   : todo-list-aws-staging
	Region                       : us-east-1
	Confirm changeset            : False
	Deployment s3 bucket         : unir-rdelgadoc
	Capabilities                 : ["CAPABILITY_IAM"]
	Parameter overrides          : {"Stage": "staging"}
	Signing Profiles             : {}

Initiating deployment
=====================

Waiting for changeset to be created..
No changes to deploy. Stack todo-list-aws-staging is up to date
[Pipeline] }
[Pipeline] // stage
[Pipeline] stage
[Pipeline] { (Integration Test after deploy)
[Pipeline] script
[Pipeline] {
[Pipeline] sh
+ aws cloudformation describe-stacks --stack-name todo-list-aws-staging --query Stacks[0].Outputs[?OutputKey==`BaseUrlApi`].OutputValue --region us-east-1 --output text
[Pipeline] echo
https://5gkf5sc4k5.execute-api.us-east-1.amazonaws.com/Prod

[Pipeline] echo
Initiating Integration Tests
[Pipeline] sh
+ bash pipelines/common-steps/integration.sh https://5gkf5sc4k5.execute-api.us-east-1.amazonaws.com/Prod
+ export BASE_URL=https://5gkf5sc4k5.execute-api.us-east-1.amazonaws.com/Prod
+ BASE_URL=https://5gkf5sc4k5.execute-api.us-east-1.amazonaws.com/Prod
+ pytest -s test/integration/todoApiTest.py
============================= test session starts ==============================
platform linux -- Python 3.7.5, pytest-7.1.2, pluggy-1.0.0
rootdir: /var/lib/jenkins/workspace/PIPELINE-FULL-STAGING, configfile: pytest.ini
collected 6 items

test/integration/todoApiTest.py ---------------------------------------
Starting - integration test Add TODO
Response Add Todo: {"id": "c01800b2-dac4-11ec-a590-f20e631d670d", "text": "Integration text example", "checked": false, "createdAt": "1653329911.1286726", "updatedAt": "1653329911.1286726"}
ID todo:c01800b2-dac4-11ec-a590-f20e631d670d
End - integration test Add TODO
.---------------------------------------
Starting - integration test Delete TODO
Response Add todo: {"id": "c1b46a96-dac4-11ec-a590-f20e631d670d", "text": "Integration text example - Initial", "checked": false, "createdAt": "1653329913.9912388", "updatedAt": "1653329913.9912388"}
ID todo:c1b46a96-dac4-11ec-a590-f20e631d670d
Response Delete Todo:<Response [200]>
Response Get Todo https://5gkf5sc4k5.execute-api.us-east-1.amazonaws.com/Prod/todos/c1b46a96-dac4-11ec-a590-f20e631d670d: <Response [404]>
End - integration test Delete TODO
.---------------------------------------
Starting - integration test Get TODO
Response Add Todo: {'statusCode': 200, 'body': '{"id": "c35ca5ac-dac4-11ec-a590-f20e631d670d", "text": "Integration text example - GET", "checked": false, "createdAt": "1653329916.771521", "updatedAt": "1653329916.771521"}'}
ID todo:c35ca5ac-dac4-11ec-a590-f20e631d670d
Response Get Todo: {'checked': False, 'createdAt': '1653329916.771521', 'text': 'Integration text example - GET', 'id': 'c35ca5ac-dac4-11ec-a590-f20e631d670d', 'updatedAt': '1653329916.771521'}
End - integration test Get TODO
.---------------------------------------
Starting - integration test List TODO
Response Add Todo: {'statusCode': 200, 'body': '{"id": "c3e900ba-dac4-11ec-a590-f20e631d670d", "text": "Integration text example", "checked": false, "createdAt": "1653329917.6913607", "updatedAt": "1653329917.6913607"}'}
ID todo:c3e900ba-dac4-11ec-a590-f20e631d670d
Response List Todo:[{'checked': False, 'createdAt': '1653328261.0307724', 'text': 'Integration text example', 'id': 'e876a7d8-dac0-11ec-a000-9e8c28c6ee0e', 'updatedAt': '1653328261.0307724'}, {'checked': False, 'createdAt': '1652713692.3178744', 'text': 'Integration text example', 'id': '00f71dde-d52a-11ec-a749-1a34f9236d31', 'updatedAt': '1652713692.3178744'}, {'checked': False, 'createdAt': '1652696258.1163542', 'text': 'Integration text example', 'id': '695f14fe-d501-11ec-9a3a-da4e8a249015', 'updatedAt': '1652696258.1163542'}, {'checked': False, 'createdAt': '1652710154.0154128', 'text': 'Integration text example', 'id': 'c3f90102-d521-11ec-ad88-1aed4166b460', 'updatedAt': '1652710154.0154128'}, {'checked': False, 'createdAt': '1652712851.5623221', 'text': 'Integration text example', 'id': '0bd5ff56-d528-11ec-9259-42254aab21e8', 'updatedAt': '1652712851.5623221'}, {'checked': False, 'createdAt': '1652707881.788028', 'text': 'Integration text example', 'id': '79a72f5c-d51c-11ec-82a4-4eee58bb7961', 'updatedAt': '1652707881.788028'}, {'checked': False, 'createdAt': '1652713890.6182516', 'text': 'Integration text example', 'id': '772c39f8-d52a-11ec-a749-1a34f9236d31', 'updatedAt': '1652713890.6182516'}, {'checked': False, 'createdAt': '1652708881.072527', 'text': 'Integration text example', 'id': 'cd3d55ea-d51e-11ec-8361-5e63f40ecd82', 'updatedAt': '1652708881.072527'}, {'checked': False, 'createdAt': '1652714026.7616227', 'text': 'Integration text example', 'id': 'c84f2e8a-d52a-11ec-a749-1a34f9236d31', 'updatedAt': '1652714026.7616227'}, {'checked': False, 'createdAt': '1652710943.1820257', 'text': 'Integration text example', 'id': '9a62de10-d523-11ec-969a-32d52d25fc22', 'updatedAt': '1652710943.1820257'}, {'checked': False, 'createdAt': '1652696802.5360868', 'text': 'Integration text example', 'id': 'ade4b074-d502-11ec-b9f8-2e9cf2ee5bd5', 'updatedAt': '1652696802.5360868'}, {'checked': False, 'createdAt': '1653328954.0986583', 'text': 'Integration text example', 'id': '85906efe-dac2-11ec-8d47-cefeb1064d72', 'updatedAt': '1653328954.0986583'}, {'checked': False, 'createdAt': '1652711652.7078247', 'text': 'Integration text example', 'id': '4149051e-d525-11ec-8e89-d6a3cc7128b4', 'updatedAt': '1652711652.7078247'}, {'checked': False, 'createdAt': '1652714214.780783', 'text': 'Integration text example', 'id': '3860a0f0-d52b-11ec-a749-1a34f9236d31', 'updatedAt': '1652714214.780783'}, {'checked': False, 'createdAt': '1652714369.1637945', 'text': 'Integration text example', 'id': '94659b6c-d52b-11ec-a749-1a34f9236d31', 'updatedAt': '1652714369.1637945'}, {'checked': False, 'createdAt': '1653328263.6687462', 'text': 'Aprender DevOps y Cloud en la UNIR', 'id': 'ea092ef4-dac0-11ec-a000-9e8c28c6ee0e', 'updatedAt': '1653328263.6687462'}, {'checked': False, 'createdAt': '1652710653.3385522', 'text': 'Integration text example', 'id': 'ed97ab0c-d522-11ec-969a-32d52d25fc22', 'updatedAt': '1652710653.3385522'}, {'checked': False, 'createdAt': '1652709396.9346936', 'text': 'Integration text example', 'id': '00b7a848-d520-11ec-9fc2-ba67e967dfe0', 'updatedAt': '1652709396.9346936'}, {'checked': False, 'createdAt': '1652641986.9916837', 'text': 'Integration text example', 'id': '0d42a542-d483-11ec-a257-226069da9ed9', 'updatedAt': '1652641986.9916837'}, {'checked': False, 'createdAt': '1652713053.3422348', 'text': 'Integration text example', 'id': '8420d120-d528-11ec-9970-32ae20505d56', 'updatedAt': '1652713053.3422348'}, {'checked': False, 'createdAt': '1653328734.9192433', 'text': 'Aprender DevOps y Cloud en la UNIR', 'id': '02ec4dba-dac2-11ec-8d47-cefeb1064d72', 'updatedAt': '1653328734.9192433'}, {'checked': False, 'createdAt': '1653329917.6913607', 'text': 'Integration text example', 'id': 'c3e900ba-dac4-11ec-a590-f20e631d670d', 'updatedAt': '1653329917.6913607'}, {'checked': False, 'createdAt': '1653328734.259907', 'text': 'Integration text example', 'id': '0287b1d4-dac2-11ec-8d47-cefeb1064d72', 'updatedAt': '1653328734.259907'}]
End - integration test List TODO
.---------------------------------------
Starting - integration test Translate TODO
Response Add Todo: {'statusCode': 200, 'body': '{"id": "c58db8fc-dac4-11ec-a590-f20e631d670d", "text": "Aprender DevOps y Cloud en la UNIR", "checked": false, "createdAt": "1653329920.4485712", "updatedAt": "1653329920.4485712"}'}
ID todo:c58db8fc-dac4-11ec-a590-f20e631d670d
Response Get Todo: {'checked': False, 'createdAt': '1653329920.4485712', 'text': 'Aprender DevOps y Cloud en la UNIR', 'id': 'c58db8fc-dac4-11ec-a590-f20e631d670d', 'updatedAt': '1653329920.4485712'}
Response Get Todo: {'checked': False, 'createdAt': '1653329920.4485712', 'text': 'Learn DevOps and Cloud at UNIR', 'id': 'c58db8fc-dac4-11ec-a590-f20e631d670d', 'updatedAt': '1653329920.4485712'}
End - integration test Translate TODO
.---------------------------------------
Starting - integration test Update TODO
Response Add todo: {"id": "c81500d0-dac4-11ec-a590-f20e631d670d", "text": "Integration text example - Initial", "checked": false, "createdAt": "1653329924.6905932", "updatedAt": "1653329924.6905932"}
ID todo:c81500d0-dac4-11ec-a590-f20e631d670d
Response Update todo: {'checked': 'true', 'createdAt': '1653329924.6905932', 'text': 'Integration text example - Modified', 'id': 'c81500d0-dac4-11ec-a590-f20e631d670d', 'updatedAt': 1653329926849}
Response Get Todo: {'checked': 'true', 'createdAt': '1653329924.6905932', 'text': 'Integration text example - Modified', 'id': 'c81500d0-dac4-11ec-a590-f20e631d670d', 'updatedAt': 1653329926849}
End - integration test Update TODO
.

============================== 6 passed in 18.84s ==============================
[Pipeline] }
[Pipeline] // script
[Pipeline] }
[Pipeline] // stage
[Pipeline] stage
[Pipeline] { (Declarative: Post Actions)
[Pipeline] echo
Clean env: delete dir
[Pipeline] cleanWs
[WS-CLEANUP] Deleting project workspace...
[WS-CLEANUP] Deferred wipeout is used...
[WS-CLEANUP] done
[Pipeline] }
[Pipeline] // stage
[Pipeline] }
[Pipeline] // withEnv
[Pipeline] }
[Pipeline] // node
[Pipeline] End of Pipeline
Finished: SUCCESS
